23:19:51.515 [ApplicationImpl pooled thread 41] INFO  c.b.l.BrowserStackRunExtension - cucumber java
23:19:51.517 [ApplicationImpl pooled thread 41] INFO  com.browserstack.utils.Helpers - null
23:19:51.518 [ApplicationImpl pooled thread 41] INFO  c.b.l.BrowserStackRunExtension - Agent path: null
23:20:06.466 [ApplicationImpl pooled thread 57] INFO  c.b.l.BrowserStackRunExtension - cucumber java
23:20:06.467 [ApplicationImpl pooled thread 57] INFO  com.browserstack.utils.Helpers - null
23:20:06.468 [ApplicationImpl pooled thread 57] INFO  c.b.l.BrowserStackRunExtension - Agent path: null
23:20:24.509 [ApplicationImpl pooled thread 49] INFO  c.b.l.BrowserStackRunExtension - testng
23:20:24.509 [ApplicationImpl pooled thread 49] INFO  com.browserstack.utils.Helpers - null
23:20:24.510 [ApplicationImpl pooled thread 49] INFO  c.b.l.BrowserStackRunExtension - Agent path: null
23:29:38.915 [ApplicationImpl pooled thread 58] INFO  c.b.l.BrowserStackRunExtension - testng
23:29:38.915 [ApplicationImpl pooled thread 58] INFO  com.browserstack.utils.Helpers - null
23:29:38.916 [ApplicationImpl pooled thread 58] INFO  c.b.l.BrowserStackRunExtension - Agent path: null
23:36:31.020 [ApplicationImpl pooled thread 125] INFO  c.b.l.BrowserStackRunExtension - testng
23:36:31.020 [ApplicationImpl pooled thread 125] INFO  com.browserstack.utils.Helpers - null
23:36:31.021 [ApplicationImpl pooled thread 125] INFO  c.b.l.BrowserStackRunExtension - Agent path: null
23:37:19.278 [ApplicationImpl pooled thread 130] INFO  c.b.l.BrowserStackRunExtension - testng
23:37:19.278 [ApplicationImpl pooled thread 130] INFO  com.browserstack.utils.Helpers - null
23:37:19.279 [ApplicationImpl pooled thread 130] INFO  c.b.l.BrowserStackRunExtension - Agent path: null
17:55:04.584 [ApplicationImpl pooled thread 33] INFO  c.b.l.BrowserStackRunExtension - application
17:55:04.586 [ApplicationImpl pooled thread 33] INFO  com.browserstack.utils.Helpers - null
17:55:55.873 [ApplicationImpl pooled thread 17] INFO  c.b.l.BrowserStackRunExtension - application
17:55:55.873 [ApplicationImpl pooled thread 17] INFO  com.browserstack.utils.Helpers - null
17:57:11.023 [ApplicationImpl pooled thread 18] INFO  c.b.l.BrowserStackRunExtension - application
17:57:11.023 [ApplicationImpl pooled thread 18] INFO  com.browserstack.utils.Helpers - null
17:58:10.646 [ApplicationImpl pooled thread 37] INFO  c.b.l.BrowserStackRunExtension - application
17:58:10.647 [ApplicationImpl pooled thread 37] INFO  com.browserstack.utils.Helpers - null
17:59:35.362 [ApplicationImpl pooled thread 17] INFO  c.b.l.BrowserStackRunExtension - application
17:59:35.363 [ApplicationImpl pooled thread 17] INFO  com.browserstack.utils.Helpers - null
18:05:13.227 [ApplicationImpl pooled thread 45] INFO  c.b.l.BrowserStackRunExtension - application
18:05:13.227 [ApplicationImpl pooled thread 45] INFO  com.browserstack.utils.Helpers - null
18:05:51.571 [ApplicationImpl pooled thread 44] INFO  c.b.l.BrowserStackRunExtension - application
18:05:51.572 [ApplicationImpl pooled thread 44] INFO  com.browserstack.utils.Helpers - null
18:06:11.977 [ApplicationImpl pooled thread 31] INFO  c.b.l.BrowserStackRunExtension - application
18:06:11.977 [ApplicationImpl pooled thread 31] INFO  com.browserstack.utils.Helpers - null
18:06:32.937 [ApplicationImpl pooled thread 46] INFO  c.b.l.BrowserStackRunExtension - application
18:06:32.937 [ApplicationImpl pooled thread 46] INFO  com.browserstack.utils.Helpers - null
18:06:59.048 [ApplicationImpl pooled thread 42] INFO  c.b.l.BrowserStackRunExtension - application
18:06:59.048 [ApplicationImpl pooled thread 42] INFO  com.browserstack.utils.Helpers - null
18:07:13.044 [ApplicationImpl pooled thread 37] INFO  c.b.l.BrowserStackRunExtension - application
18:07:13.044 [ApplicationImpl pooled thread 37] INFO  com.browserstack.utils.Helpers - null
18:07:21.541 [ApplicationImpl pooled thread 42] INFO  c.b.l.BrowserStackRunExtension - application
18:07:21.541 [ApplicationImpl pooled thread 42] INFO  com.browserstack.utils.Helpers - null
18:08:13.654 [ApplicationImpl pooled thread 31] INFO  c.b.l.BrowserStackRunExtension - application
18:08:13.654 [ApplicationImpl pooled thread 31] INFO  com.browserstack.utils.Helpers - null
18:08:27.770 [ApplicationImpl pooled thread 31] INFO  c.b.l.BrowserStackRunExtension - application
18:08:27.770 [ApplicationImpl pooled thread 31] INFO  com.browserstack.utils.Helpers - null
18:09:47.672 [ApplicationImpl pooled thread 48] INFO  c.b.l.BrowserStackRunExtension - application
18:09:47.672 [ApplicationImpl pooled thread 48] INFO  com.browserstack.utils.Helpers - null
18:10:19.129 [ApplicationImpl pooled thread 51] INFO  c.b.l.BrowserStackRunExtension - application
18:10:19.129 [ApplicationImpl pooled thread 51] INFO  com.browserstack.utils.Helpers - null
18:10:29.868 [ApplicationImpl pooled thread 48] INFO  c.b.l.BrowserStackRunExtension - application
18:10:29.868 [ApplicationImpl pooled thread 48] INFO  com.browserstack.utils.Helpers - null
18:16:22.440 [ApplicationImpl pooled thread 54] INFO  c.b.l.BrowserStackRunExtension - application
18:16:22.440 [ApplicationImpl pooled thread 54] INFO  com.browserstack.utils.Helpers - null
18:16:40.924 [ApplicationImpl pooled thread 57] INFO  c.b.l.BrowserStackRunExtension - application
18:16:40.924 [ApplicationImpl pooled thread 57] INFO  com.browserstack.utils.Helpers - null
18:17:28.401 [ApplicationImpl pooled thread 57] INFO  c.b.l.BrowserStackRunExtension - application
18:17:28.401 [ApplicationImpl pooled thread 57] INFO  com.browserstack.utils.Helpers - null
18:18:00.158 [ApplicationImpl pooled thread 48] INFO  c.b.l.BrowserStackRunExtension - application
18:18:00.158 [ApplicationImpl pooled thread 48] INFO  com.browserstack.utils.Helpers - null
18:21:47.787 [ApplicationImpl pooled thread 48] INFO  c.b.l.BrowserStackRunExtension - application
18:21:47.787 [ApplicationImpl pooled thread 48] INFO  com.browserstack.utils.Helpers - null
18:22:06.995 [ApplicationImpl pooled thread 56] INFO  c.b.l.BrowserStackRunExtension - application
18:22:06.995 [ApplicationImpl pooled thread 56] INFO  com.browserstack.utils.Helpers - null
18:22:31.980 [ApplicationImpl pooled thread 48] INFO  c.b.l.BrowserStackRunExtension - application
18:22:31.980 [ApplicationImpl pooled thread 48] INFO  com.browserstack.utils.Helpers - null
18:22:58.867 [ApplicationImpl pooled thread 63] INFO  c.b.l.BrowserStackRunExtension - application
18:22:58.868 [ApplicationImpl pooled thread 63] INFO  com.browserstack.utils.Helpers - null
18:23:10.891 [ApplicationImpl pooled thread 56] INFO  c.b.l.BrowserStackRunExtension - application
18:23:10.892 [ApplicationImpl pooled thread 56] INFO  com.browserstack.utils.Helpers - null
18:23:33.754 [ApplicationImpl pooled thread 61] INFO  c.b.l.BrowserStackRunExtension - application
18:23:33.754 [ApplicationImpl pooled thread 61] INFO  com.browserstack.utils.Helpers - null
18:25:35.292 [ApplicationImpl pooled thread 53] INFO  c.b.l.BrowserStackRunExtension - application
18:25:35.292 [ApplicationImpl pooled thread 53] INFO  com.browserstack.utils.Helpers - null
18:36:59.057 [ApplicationImpl pooled thread 68] INFO  c.b.l.BrowserStackRunExtension - application
18:36:59.057 [ApplicationImpl pooled thread 68] INFO  com.browserstack.utils.Helpers - null
18:37:25.342 [ApplicationImpl pooled thread 78] INFO  c.b.l.BrowserStackRunExtension - application
18:37:25.342 [ApplicationImpl pooled thread 78] INFO  com.browserstack.utils.Helpers - null
18:38:26.929 [ApplicationImpl pooled thread 79] INFO  c.b.l.BrowserStackRunExtension - application
18:38:26.930 [ApplicationImpl pooled thread 79] INFO  com.browserstack.utils.Helpers - null
18:38:41.035 [ApplicationImpl pooled thread 76] INFO  c.b.l.BrowserStackRunExtension - application
18:38:41.036 [ApplicationImpl pooled thread 76] INFO  com.browserstack.utils.Helpers - null
18:42:47.375 [ApplicationImpl pooled thread 82] INFO  c.b.l.BrowserStackRunExtension - application
18:42:47.375 [ApplicationImpl pooled thread 82] INFO  com.browserstack.utils.Helpers - null
18:51:02.148 [ApplicationImpl pooled thread 85] INFO  c.b.l.BrowserStackRunExtension - application
18:51:02.148 [ApplicationImpl pooled thread 85] INFO  com.browserstack.utils.Helpers - null
19:08:32.430 [ApplicationImpl pooled thread 104] INFO  c.b.l.BrowserStackRunExtension - application
19:08:32.430 [ApplicationImpl pooled thread 104] INFO  com.browserstack.utils.Helpers - null
19:08:58.748 [ApplicationImpl pooled thread 98] INFO  c.b.l.BrowserStackRunExtension - application
19:08:58.748 [ApplicationImpl pooled thread 98] INFO  com.browserstack.utils.Helpers - null
19:09:33.926 [ApplicationImpl pooled thread 96] INFO  c.b.l.BrowserStackRunExtension - application
19:09:33.926 [ApplicationImpl pooled thread 96] INFO  com.browserstack.utils.Helpers - null
19:10:06.143 [ApplicationImpl pooled thread 106] INFO  c.b.l.BrowserStackRunExtension - application
19:10:06.144 [ApplicationImpl pooled thread 106] INFO  com.browserstack.utils.Helpers - null
19:10:26.561 [ApplicationImpl pooled thread 96] INFO  c.b.l.BrowserStackRunExtension - application
19:10:26.561 [ApplicationImpl pooled thread 96] INFO  com.browserstack.utils.Helpers - null
